yarn workspace v1.22.22
yarn run v1.22.22
$ react-app-rewired start
Running!!!!!!!!!!!!!!!!!
{
  test: /\.(js|mjs|jsx|ts|tsx)$/,
  include: [
    '/Users/yadollap/sandbox/monopresent/packages/example-presentation/src',
    '/Users/yadollap/sandbox/monopresent/packages/immersion-presentation/src'
  ],
  loader: '/Users/yadollap/sandbox/monopresent/node_modules/babel-loader/lib/index.js',
  options: {
    customize: '/Users/yadollap/sandbox/monopresent/node_modules/babel-preset-react-app/webpack-overrides.js',
    presets: [ [Array] ],
    babelrc: false,
    configFile: false,
    cacheIdentifier: 'development:babel-plugin-named-asset-import@:babel-preset-react-app@10.1.0:react-dev-utils@11.0.4:react-scripts@4.0.3',
    plugins: [
      [Array],
      '/Users/yadollap/sandbox/monopresent/node_modules/react-refresh/babel.js',
      '/Users/yadollap/sandbox/monopresent/node_modules/babel-plugin-macros/dist/index.js'
    ],
    cacheDirectory: true,
    cacheCompression: false,
    compact: false
  }
}
[34mℹ[39m [90m｢wds｣[39m: Project is running at http://10.10.138.179/
[34mℹ[39m [90m｢wds｣[39m: webpack output is served from 
[34mℹ[39m [90m｢wds｣[39m: Content not from webpack is served from /Users/yadollap/sandbox/monopresent/packages/example-presentation/public
[34mℹ[39m [90m｢wds｣[39m: 404s will fallback to /
Starting the development server...

step.macro.js is being processed
myMacro function is executed
Compiled with warnings.

src/Presentation.js
  Line 3:10:  'useState' is defined but never used                       no-unused-vars
  Line 6:3:   'AnimateSVG' is defined but never used                     no-unused-vars
  Line 7:3:   'Morph' is defined but never used                          no-unused-vars
  Line 8:3:   'm' is defined but never used                              no-unused-vars
  Line 9:3:   'M' is defined but never used                              no-unused-vars
  Line 10:3:  'Show' is defined but never used                           no-unused-vars
  Line 11:3:  'Notes' is defined but never used                          no-unused-vars
  Line 12:3:  'Portal' is defined but never used                         no-unused-vars
  Line 13:3:  'timeline' is defined but never used                       no-unused-vars
  Line 14:3:  'range' is defined but never used                          no-unused-vars
  Line 27:3:  'BibliographySlide' is assigned a value but never used     no-unused-vars
  Line 29:3:  'TableOfContentsSlide' is assigned a value but never used  no-unused-vars
  Line 31:3:  'QuestionSlide' is assigned a value but never used         no-unused-vars
  Line 32:3:  'ConclusionSlide' is assigned a value but never used       no-unused-vars
  Line 33:3:  'Figure' is assigned a value but never used                no-unused-vars
  Line 34:3:  'List' is assigned a value but never used                  no-unused-vars
  Line 35:3:  'Item' is assigned a value but never used                  no-unused-vars
  Line 36:3:  'Cite' is assigned a value but never used                  no-unused-vars
  Line 37:3:  'Box' is assigned a value but never used                   no-unused-vars
  Line 38:3:  'Qed' is assigned a value but never used                   no-unused-vars
  Line 41:7:  'children' is assigned a value but never used              no-unused-vars
  Line 42:7:  'children0' is assigned a value but never used             no-unused-vars

Search for the keywords to learn more about each warning.
To ignore, add // eslint-disable-next-line to the line before.

