yarn workspace v1.22.22
yarn run v1.22.22
$ react-app-rewired start
Running!!!!!!!!!!!!!!!!!
ðŸ” Final Babel plugins: [
  [
    '/Users/yadollap/sandbox/monopresent/node_modules/react-scripts/node_modules/babel-plugin-named-asset-import/index.js',
    { loaderMap: [Object] }
  ],
  '/Users/yadollap/sandbox/monopresent/node_modules/react-refresh/babel.js',
  '/Users/yadollap/sandbox/monopresent/node_modules/babel-plugin-macros/dist/index.js',
  '/Users/yadollap/sandbox/monopresent/node_modules/@babel/plugin-transform-react-jsx-source/lib/index.js'
]
{
  test: /\.(js|mjs|jsx|ts|tsx)$/,
  include: [
    '/Users/yadollap/sandbox/monopresent/packages/example-presentation/src',
    '/Users/yadollap/sandbox/monopresent/packages/immersion-presentation/src'
  ],
  loader: '/Users/yadollap/sandbox/monopresent/node_modules/babel-loader/lib/index.js',
  options: {
    customize: '/Users/yadollap/sandbox/monopresent/node_modules/babel-preset-react-app/webpack-overrides.js',
    presets: [ [Array] ],
    babelrc: false,
    configFile: false,
    cacheIdentifier: 'development:babel-plugin-named-asset-import@:babel-preset-react-app@10.1.0:react-dev-utils@11.0.4:react-scripts@4.0.3',
    plugins: [
      [Array],
      '/Users/yadollap/sandbox/monopresent/node_modules/react-refresh/babel.js',
      '/Users/yadollap/sandbox/monopresent/node_modules/babel-plugin-macros/dist/index.js',
      '/Users/yadollap/sandbox/monopresent/node_modules/@babel/plugin-transform-react-jsx-source/lib/index.js'
    ],
    cacheDirectory: true,
    cacheCompression: false,
    compact: false
  }
}
[34mâ„¹[39m [90mï½¢wdsï½£[39m: Project is running at http://10.10.156.240/
[34mâ„¹[39m [90mï½¢wdsï½£[39m: webpack output is served from 
[34mâ„¹[39m [90mï½¢wdsï½£[39m: Content not from webpack is served from /Users/yadollap/sandbox/monopresent/packages/example-presentation/public
[34mâ„¹[39m [90mï½¢wdsï½£[39m: 404s will fallback to /
Starting the development server...

step.macro.js is being processed
myMacro function is executed
Compiled successfully!

You can now view example-presentation in the browser.

  Local:            http://localhost:3000
  On Your Network:  http://10.10.156.240:3000

Note that the development build is not optimized.
To create a production build, use npm run build.

Compiling...
Failed to compile.

src/Presentation.js
Syntax error: Unexpected token, expected "," (138:40)

  136 |
  137 |   return (
> 138 |     console.log(<div>Hello World</div>); // ðŸ‘ˆ place this here
      |                                        ^
  139 |
  140 |   <Presentation>
  141 |     <TitleSlide title="De Novo Protein Design & Diffusion Models" subtitle="" names="Payman Yadollahpour" date="June 18, 2025"></TitleSlide>
Compiling...
Failed to compile.

src/Presentation.js
Syntax error: Unexpected token, expected "," (138:40)

  136 |
  137 |   return (
> 138 |     console.log(<div>Hello World</div>); // ðŸ‘ˆ place this here
      |                                        ^
  139 |
  140 |   <Presentation>
  141 |     <TitleSlide title="De Novo Protein Design & Diffusion Models" subtitle="" names="Payman Yadollahpour" date="June 18, 2025"></TitleSlide>
Compiling...
Failed to compile.

src/Presentation.js
Syntax error: Unexpected token, expected "," (138:40)

  136 |
  137 |   return (
> 138 |     console.log(<div>Hello World</div>); // ðŸ‘ˆ place this here
      |                                        ^
  139 |
  140 |   <Presentation>
  141 |     <TitleSlide title="De Novo Protein Design & Diffusion Models" subtitle="" names="Payman Yadollahpour" date="June 18, 2025"></TitleSlide>
Compiling...
myMacro function is executed
Compiled successfully!
Compiling...
myMacro function is executed
Compiled successfully!
